<?xml version="1.0" encoding="UTF-8"?>
<!-- Generated by org.testng.reporters.JUnitReportReporter -->
<testsuite hostname="vaishalirain" failures="0" tests="3" name="test.Test99GuruLoginWithPageFactory" time="26.587" errors="0" timestamp="27 Oct 2018 09:05:37 GMT" skipped="0">
  <testcase classname="test.Test99GuruLoginWithPageFactory" name="test_Home_Page_Appear_Correct" time="12.778"/>
  <testcase classname="test.Test99GuruLoginWithPageFactory" name="Create_customer" time="9.772"/>
  <testcase classname="test.Test99GuruLoginWithPageFactory" name="New_Accnt" time="4.037"/>
</testsuite> <!-- test.Test99GuruLoginWithPageFactory -->
